2025-12-26 18:43:00,417 - INFO - Starting Maine budget PDF pre-processing...
2025-12-26 18:43:00,417 - INFO - Processing 2024-2025 ME State Budget.pdf...
2025-12-26 18:43:02,218 - INFO - ✓ Processed 2024-2025 ME State Budget.pdf → preprocessed_data/budgets/2024-2025_budget.parquet (342 rows)
2025-12-26 18:43:02,218 - INFO - Processing 2020-2021 ME State Budget.pdf...
2025-12-26 18:43:02,693 - INFO - ✓ Processed 2020-2021 ME State Budget.pdf → preprocessed_data/budgets/2020-2021_budget.parquet (272 rows)
2025-12-26 18:43:02,693 - INFO - Processing 2018-2019 ME State Budget.pdf...
2025-12-26 18:43:03,145 - INFO - ✓ Processed 2018-2019 ME State Budget.pdf → preprocessed_data/budgets/2018-2019_budget.parquet (255 rows)
2025-12-26 18:43:03,145 - INFO - Processing 2016-2017 ME State Budget.pdf...
2025-12-26 18:43:03,516 - INFO - ✓ Processed 2016-2017 ME State Budget.pdf → preprocessed_data/budgets/2016-2017_budget.parquet (263 rows)
2025-12-26 18:43:03,516 - INFO - Processing 2026-2027 ME State Budget.pdf...
2025-12-26 18:43:03,989 - INFO - ✓ Processed 2026-2027 ME State Budget.pdf → preprocessed_data/budgets/2026-2027_budget.parquet (301 rows)
2025-12-26 18:43:03,989 - INFO - Processing 2022-2023 ME State Budget.pdf...
2025-12-26 18:43:04,482 - INFO - ✓ Processed 2022-2023 ME State Budget.pdf → preprocessed_data/budgets/2022-2023_budget.parquet (281 rows)
2025-12-26 18:43:04,482 - INFO - Budget PDF pre-processing complete. Processed 6 files.
2025-12-26 18:43:04,482 - INFO - Starting revenue PDF pre-processing...
2025-12-26 18:43:04,482 - INFO - Processing FY 2016 Revenue ME.pdf...
2025-12-26 18:43:04,653 - INFO - ✓ Processed FY 2016 Revenue ME.pdf → preprocessed_data/revenue/revenue_2016.pkl (15 rows)
2025-12-26 18:43:04,654 - INFO - Processing FY 2019 Revenue ME.pdf...
2025-12-26 18:43:04,661 - WARNING - Exhibit I not found in z_Data/ME General Fund Sources/FY 2019 Revenue ME.pdf
2025-12-26 18:43:04,662 - WARNING - No data extracted from FY 2019 Revenue ME.pdf
2025-12-26 18:43:04,662 - INFO - Processing FY 2018 Revenue ME.pdf...
2025-12-26 18:43:04,849 - INFO - ✓ Processed FY 2018 Revenue ME.pdf → preprocessed_data/revenue/revenue_2018.pkl (15 rows)
2025-12-26 18:43:04,849 - INFO - Processing FY 2017 Revenue ME.pdf...
2025-12-26 18:43:05,102 - INFO - ✓ Processed FY 2017 Revenue ME.pdf → preprocessed_data/revenue/revenue_2017.pkl (15 rows)
2025-12-26 18:43:05,102 - INFO - Processing FY 2023 Revenue ME.pdf...
2025-12-26 18:43:05,402 - INFO - ✓ Processed FY 2023 Revenue ME.pdf → preprocessed_data/revenue/revenue_2023.pkl (15 rows)
2025-12-26 18:43:05,402 - INFO - Processing FY 2024 Revenue ME.pdf...
2025-12-26 18:43:05,797 - INFO - ✓ Processed FY 2024 Revenue ME.pdf → preprocessed_data/revenue/revenue_2024.pkl (17 rows)
2025-12-26 18:43:05,797 - INFO - Processing FY 2025 Revenue ME.pdf...
2025-12-26 18:43:06,158 - INFO - ✓ Processed FY 2025 Revenue ME.pdf → preprocessed_data/revenue/revenue_2025.pkl (17 rows)
2025-12-26 18:43:06,158 - INFO - Processing FY 2022 Revenue ME.pdf...
2025-12-26 18:43:06,460 - INFO - ✓ Processed FY 2022 Revenue ME.pdf → preprocessed_data/revenue/revenue_2022.pkl (15 rows)
2025-12-26 18:43:06,460 - INFO - Processing FY 2020 Revenue ME.pdf...
2025-12-26 18:43:06,839 - INFO - ✓ Processed FY 2020 Revenue ME.pdf → preprocessed_data/revenue/revenue_2020.pkl (15 rows)
2025-12-26 18:43:06,840 - INFO - Processing FY 2021 Revenue ME.pdf...
2025-12-26 18:43:07,118 - INFO - ✓ Processed FY 2021 Revenue ME.pdf → preprocessed_data/revenue/revenue_2021.pkl (15 rows)
2025-12-26 18:43:07,118 - INFO - Revenue PDF pre-processing complete. Processed 9 files.
2025-12-26 18:43:07,118 - INFO - Starting data validation...
2025-12-26 18:43:07,118 - INFO - Validating budget data...
2025-12-26 18:43:10,300 - INFO - ✓ 2026-2027 validation passed
2025-12-26 18:43:10,710 - INFO - ✓ 2018-2019 validation passed
2025-12-26 18:43:11,186 - INFO - ✓ 2020-2021 validation passed
2025-12-26 18:43:11,567 - INFO - ✓ 2016-2017 validation passed
2025-12-26 18:43:12,179 - INFO - ✓ 2024-2025 validation passed
2025-12-26 18:43:12,679 - INFO - ✓ 2022-2023 validation passed
2025-12-26 18:43:12,679 - INFO - Validating revenue data...
2025-12-26 18:43:13,049 - INFO - ✓ Revenue 2025 validation passed
2025-12-26 18:43:13,204 - INFO - ✓ Revenue 2018 validation passed
2025-12-26 18:43:13,688 - INFO - ✓ Revenue 2024 validation passed
2025-12-26 18:43:14,044 - INFO - ✓ Revenue 2020 validation passed
2025-12-26 18:43:14,343 - INFO - ✓ Revenue 2021 validation passed
2025-12-26 18:43:14,688 - INFO - ✓ Revenue 2023 validation passed
2025-12-26 18:43:14,988 - INFO - ✓ Revenue 2022 validation passed
2025-12-26 18:43:15,168 - INFO - ✓ Revenue 2016 validation passed
2025-12-26 18:43:15,393 - INFO - ✓ Revenue 2017 validation passed
2025-12-26 18:43:15,393 - INFO - ✓ All validations passed!
2025-12-26 18:43:15,393 - INFO - Pre-processing pipeline completed successfully!
2025-12-26 18:56:44,575 - INFO - Starting Maine budget PDF pre-processing...
2025-12-26 18:56:44,576 - INFO - Processing 2024-2025 ME State Budget.pdf...
2025-12-26 18:56:45,185 - INFO - ✓ Processed 2024-2025 ME State Budget.pdf → preprocessed_data/budgets/2024-2025_budget.parquet (342 rows)
2025-12-26 18:56:45,185 - INFO - Processing 2020-2021 ME State Budget.pdf...
2025-12-26 18:56:45,690 - INFO - ✓ Processed 2020-2021 ME State Budget.pdf → preprocessed_data/budgets/2020-2021_budget.parquet (272 rows)
2025-12-26 18:56:45,690 - INFO - Processing 2018-2019 ME State Budget.pdf...
2025-12-26 18:56:46,121 - INFO - ✓ Processed 2018-2019 ME State Budget.pdf → preprocessed_data/budgets/2018-2019_budget.parquet (255 rows)
2025-12-26 18:56:46,121 - INFO - Processing 2016-2017 ME State Budget.pdf...
2025-12-26 18:56:46,535 - INFO - ✓ Processed 2016-2017 ME State Budget.pdf → preprocessed_data/budgets/2016-2017_budget.parquet (263 rows)
2025-12-26 18:56:46,535 - INFO - Processing 2026-2027 ME State Budget.pdf...
2025-12-26 18:56:46,985 - INFO - ✓ Processed 2026-2027 ME State Budget.pdf → preprocessed_data/budgets/2026-2027_budget.parquet (301 rows)
2025-12-26 18:56:46,986 - INFO - Processing 2022-2023 ME State Budget.pdf...
2025-12-26 18:56:47,513 - INFO - ✓ Processed 2022-2023 ME State Budget.pdf → preprocessed_data/budgets/2022-2023_budget.parquet (281 rows)
2025-12-26 18:56:47,513 - INFO - Budget PDF pre-processing complete. Processed 6 files.
2025-12-26 18:56:47,513 - INFO - Pre-processing pipeline completed successfully!
2025-12-26 18:59:35,061 - INFO - Starting Maine budget PDF pre-processing...
2025-12-26 18:59:35,062 - INFO - Processing 2024-2025 ME State Budget.pdf...
2025-12-26 18:59:35,675 - INFO - ✓ Processed 2024-2025 ME State Budget.pdf → preprocessed_data/budgets/2024-2025_budget.pkl (342 rows)
2025-12-26 18:59:35,675 - INFO - Processing 2020-2021 ME State Budget.pdf...
2025-12-26 18:59:36,159 - INFO - ✓ Processed 2020-2021 ME State Budget.pdf → preprocessed_data/budgets/2020-2021_budget.pkl (272 rows)
2025-12-26 18:59:36,159 - INFO - Processing 2018-2019 ME State Budget.pdf...
2025-12-26 18:59:36,638 - INFO - ✓ Processed 2018-2019 ME State Budget.pdf → preprocessed_data/budgets/2018-2019_budget.pkl (255 rows)
2025-12-26 18:59:36,638 - INFO - Processing 2016-2017 ME State Budget.pdf...
2025-12-26 18:59:37,019 - INFO - ✓ Processed 2016-2017 ME State Budget.pdf → preprocessed_data/budgets/2016-2017_budget.pkl (263 rows)
2025-12-26 18:59:37,020 - INFO - Processing 2026-2027 ME State Budget.pdf...
2025-12-26 18:59:37,520 - INFO - ✓ Processed 2026-2027 ME State Budget.pdf → preprocessed_data/budgets/2026-2027_budget.pkl (301 rows)
2025-12-26 18:59:37,520 - INFO - Processing 2022-2023 ME State Budget.pdf...
2025-12-26 18:59:38,081 - INFO - ✓ Processed 2022-2023 ME State Budget.pdf → preprocessed_data/budgets/2022-2023_budget.pkl (281 rows)
2025-12-26 18:59:38,081 - INFO - Budget PDF pre-processing complete. Processed 6 files.
2025-12-26 18:59:38,081 - INFO - Pre-processing pipeline completed successfully!
2025-12-26 19:08:10,470 - INFO - Starting revenue PDF pre-processing...
2025-12-26 19:08:10,471 - INFO - Processing FY 2016 Revenue ME.pdf...
2025-12-26 19:08:10,630 - INFO - ✓ Processed FY 2016 Revenue ME.pdf → preprocessed_data/revenue/revenue_2016.pkl (15 rows)
2025-12-26 19:08:10,630 - INFO - Processing FY 2019 Revenue ME.pdf...
2025-12-26 19:08:10,638 - WARNING - Exhibit I not found in z_Data/ME General Fund Sources/FY 2019 Revenue ME.pdf
2025-12-26 19:08:10,639 - WARNING - No data extracted from FY 2019 Revenue ME.pdf
2025-12-26 19:08:10,639 - INFO - Processing FY 2018 Revenue ME.pdf...
2025-12-26 19:08:10,825 - INFO - ✓ Processed FY 2018 Revenue ME.pdf → preprocessed_data/revenue/revenue_2018.pkl (15 rows)
2025-12-26 19:08:10,826 - INFO - Processing FY 2017 Revenue ME.pdf...
2025-12-26 19:08:11,037 - INFO - ✓ Processed FY 2017 Revenue ME.pdf → preprocessed_data/revenue/revenue_2017.pkl (15 rows)
2025-12-26 19:08:11,037 - INFO - Processing FY 2023 Revenue ME.pdf...
2025-12-26 19:08:11,350 - INFO - ✓ Processed FY 2023 Revenue ME.pdf → preprocessed_data/revenue/revenue_2023.pkl (15 rows)
2025-12-26 19:08:11,350 - INFO - Processing FY 2024 Revenue ME.pdf...
2025-12-26 19:08:11,788 - INFO - ✓ Processed FY 2024 Revenue ME.pdf → preprocessed_data/revenue/revenue_2024.pkl (17 rows)
2025-12-26 19:08:11,788 - INFO - Processing FY 2025 Revenue ME.pdf...
2025-12-26 19:08:12,134 - INFO - ✓ Processed FY 2025 Revenue ME.pdf → preprocessed_data/revenue/revenue_2025.pkl (17 rows)
2025-12-26 19:08:12,134 - INFO - Processing FY 2022 Revenue ME.pdf...
2025-12-26 19:08:12,442 - INFO - ✓ Processed FY 2022 Revenue ME.pdf → preprocessed_data/revenue/revenue_2022.pkl (15 rows)
2025-12-26 19:08:12,442 - INFO - Processing FY 2020 Revenue ME.pdf...
2025-12-26 19:08:12,804 - INFO - ✓ Processed FY 2020 Revenue ME.pdf → preprocessed_data/revenue/revenue_2020.pkl (15 rows)
2025-12-26 19:08:12,804 - INFO - Processing FY 2021 Revenue ME.pdf...
2025-12-26 19:08:13,102 - INFO - ✓ Processed FY 2021 Revenue ME.pdf → preprocessed_data/revenue/revenue_2021.pkl (15 rows)
2025-12-26 19:08:13,102 - INFO - Revenue PDF pre-processing complete. Processed 9 files.
2025-12-26 19:08:13,102 - INFO - Pre-processing pipeline completed successfully!
